<?xml version="1.0" encoding="UTF-8"?>
<!-- Generated by org.testng.reporters.JUnitReportReporter -->
<testsuite hostname="LTIN518652" failures="0" tests="8" name="testCases.TC_002_NewsPageTest" time="435.588" errors="0" timestamp="2024-06-10T14:34:19 IST" skipped="0">
  <testcase classname="testCases.TC_002_NewsPageTest" name="navigateBeCognizantPage" time="0.014"/>
  <testcase classname="testCases.TC_002_NewsPageTest" name="navigateBeCognizantPage" time="0.068"/>
  <testcase classname="testCases.TC_002_NewsPageTest" name="verifyUserInfo" time="19.503"/>
  <testcase classname="testCases.TC_002_NewsPageTest" name="verifyUserInfo" time="19.406"/>
  <testcase classname="testCases.TC_002_NewsPageTest" name="verifynewsDisplayed" time="0.447"/>
  <testcase classname="testCases.TC_002_NewsPageTest" name="verifynewsDisplayed" time="0.409"/>
  <testcase classname="testCases.TC_002_NewsPageTest" name="getNewsPageDetails" time="198.413"/>
  <testcase classname="testCases.TC_002_NewsPageTest" name="getNewsPageDetails" time="197.328"/>
</testsuite> <!-- testCases.TC_002_NewsPageTest -->
